<?xml version="1.0" encoding="UTF-8"?>
<!-- Generated by org.testng.reporters.JUnitReportReporter -->
<testsuite hostname="DESKTOP-DG15EMT" failures="0" tests="1" name="zenhr" time="56.558" errors="0" timestamp="01 May 2022 20:52:42 GMT" skipped="0">
  <testcase classname="zenhr" name="initialization" time="56.558"/>
</testsuite> <!-- zenhr -->
