<?xml version="1.0" encoding="UTF-8"?>
<!-- Generated by org.testng.reporters.JUnitReportReporter -->
<testsuite hostname="DESKTOP-DG15EMT" failures="0" tests="1" name="zenhr" time="67.362" errors="0" timestamp="05 May 2022 00:07:16 GMT" skipped="0">
  <testcase classname="zenhr" name="initialization" time="67.362"/>
</testsuite> <!-- zenhr -->
